<?xml version="1.0" encoding="UTF-8"?>
<!-- Generated by org.testng.reporters.JUnitXMLReporter -->
<testsuite ignored="0" hostname="QCLAP924P663" failures="0" tests="6" name="Default test" time="0.045" errors="0" timestamp="21 Apr 2021 23:11:43 GMT">
  <testcase classname="com.testng.PriorityCases" name="p4" time="0.012"/>
  <testcase classname="com.testng.PriorityCases" name="m1" time="0.001"/>
  <testcase classname="com.testng.PriorityCases" name="m2" time="0.001"/>
  <testcase classname="com.testng.PriorityCases" name="po" time="0.0"/>
  <testcase classname="com.testng.PriorityCases" name="p1" time="0.002"/>
  <testcase classname="com.testng.PriorityCases" name="p2" time="0.001"/>
</testsuite> <!-- Default test -->
