<?xml version="1.0" encoding="UTF-8"?>
<testng-results ignored="0" total="6" passed="6" failed="0" skipped="0">
  <reporter-output>
  </reporter-output>
  <suite started-at="2021-04-21T23:11:43Z" name="Default suite" finished-at="2021-04-21T23:11:43Z" duration-ms="45">
    <groups>
    </groups>
    <test started-at="2021-04-21T23:11:43Z" name="Default test" finished-at="2021-04-21T23:11:43Z" duration-ms="45">
      <class name="com.testng.PriorityCases">
        <test-method signature="p4()[pri:-1, instance:com.testng.PriorityCases@6c40365c]" started-at="2021-04-22T04:41:43Z" name="p4" finished-at="2021-04-22T04:41:43Z" duration-ms="12" status="PASS">
          <reporter-output>
          </reporter-output>
        </test-method> <!-- p4 -->
        <test-method signature="m1()[pri:0, instance:com.testng.PriorityCases@6c40365c]" started-at="2021-04-22T04:41:43Z" name="m1" finished-at="2021-04-22T04:41:43Z" duration-ms="1" status="PASS">
          <reporter-output>
          </reporter-output>
        </test-method> <!-- m1 -->
        <test-method signature="m2()[pri:0, instance:com.testng.PriorityCases@6c40365c]" started-at="2021-04-22T04:41:43Z" name="m2" finished-at="2021-04-22T04:41:43Z" duration-ms="1" status="PASS">
          <reporter-output>
          </reporter-output>
        </test-method> <!-- m2 -->
        <test-method signature="po()[pri:0, instance:com.testng.PriorityCases@6c40365c]" started-at="2021-04-22T04:41:43Z" name="po" finished-at="2021-04-22T04:41:43Z" duration-ms="0" status="PASS">
          <reporter-output>
          </reporter-output>
        </test-method> <!-- po -->
        <test-method signature="p1()[pri:1, instance:com.testng.PriorityCases@6c40365c]" started-at="2021-04-22T04:41:43Z" name="p1" finished-at="2021-04-22T04:41:43Z" duration-ms="2" status="PASS">
          <reporter-output>
          </reporter-output>
        </test-method> <!-- p1 -->
        <test-method signature="p2()[pri:2, instance:com.testng.PriorityCases@6c40365c]" started-at="2021-04-22T04:41:43Z" name="p2" finished-at="2021-04-22T04:41:43Z" duration-ms="1" status="PASS">
          <reporter-output>
          </reporter-output>
        </test-method> <!-- p2 -->
      </class> <!-- com.testng.PriorityCases -->
    </test> <!-- Default test -->
  </suite> <!-- Default suite -->
</testng-results>
